INFO	?	main	2017-03-17T22:51:31.256Z	org.javacs.Main#connectToNode	Connected to parent using socket on port 55282
INFO	?	main	2017-03-17T22:51:31.368Z	org.javacs.JavaLanguageServer#doLint	Lint [/home/jrv/Documents/projects/20170304 map version verifier/src/main/java/mvv.java]
INFO	?	main	2017-03-17T22:51:31.384Z	org.javacs.JavaLanguageServer#buildClassPath	Emit classpath to /tmp/classpath5172900668077115352.txt
INFO	?	main	2017-03-17T22:51:33.418Z	org.javacs.JavaLanguageServer#sourceDirectories	Use default source directory src/main/java
INFO	?	main	2017-03-17T22:51:33.419Z	org.javacs.JavaLanguageServer#sourceDirectories	Use default test directory src/test/java
INFO	?	InitialIndex	2017-03-17T22:51:33.596Z	org.javacs.SymbolIndex$1#parseAll	Index /home/jrv/Documents/projects/20170304 map version verifier/src/main/java/IOUtilsx.java
INFO	?	InitialIndex	2017-03-17T22:51:33.599Z	org.javacs.SymbolIndex$1#parseAll	Index /home/jrv/Documents/projects/20170304 map version verifier/src/main/java/BoardArchive.java
INFO	?	InitialIndex	2017-03-17T22:51:33.605Z	org.javacs.SymbolIndex$1#parseAll	Index /home/jrv/Documents/projects/20170304 map version verifier/src/main/java/mvv.java
INFO	?	InitialIndex	2017-03-17T22:51:33.608Z	org.javacs.SymbolIndex$1#parseAll	Index /home/jrv/Documents/projects/20170304 map version verifier/src/main/java/ExtensionMatch.java
INFO	?	InitialIndex	2017-03-17T22:51:33.609Z	org.javacs.SymbolIndex$1#parseAll	Index /home/jrv/Documents/projects/20170304 map version verifier/src/main/java/IMasterVersionLoader.java
INFO	?	InitialIndex	2017-03-17T22:51:33.610Z	org.javacs.SymbolIndex$1#parseAll	Index /home/jrv/Documents/projects/20170304 map version verifier/src/main/java/IVersionedResource.java
INFO	?	InitialIndex	2017-03-17T22:51:33.610Z	org.javacs.SymbolIndex$1#parseAll	Index /home/jrv/Documents/projects/20170304 map version verifier/src/main/java/IWhiteListMatch.java
INFO	?	InitialIndex	2017-03-17T22:51:33.611Z	org.javacs.SymbolIndex$1#parseAll	Index /home/jrv/Documents/projects/20170304 map version verifier/src/main/java/BoardVersionComparer.java
INFO	?	InitialIndex	2017-03-17T22:51:33.612Z	org.javacs.SymbolIndex$1#parseAll	Index /home/jrv/Documents/projects/20170304 map version verifier/src/main/java/MasterVersionLoader.java
INFO	?	InitialIndex	2017-03-17T22:51:33.613Z	org.javacs.SymbolIndex$1#parseAll	Index /home/jrv/Documents/projects/20170304 map version verifier/src/main/java/WebMasterVersionRetriever.java
INFO	?	InitialIndex	2017-03-17T22:51:33.614Z	org.javacs.SymbolIndex$1#parseAll	Index /home/jrv/Documents/projects/20170304 map version verifier/src/main/java/RepositoryRetriever.java
INFO	?	InitialIndex	2017-03-17T22:51:33.615Z	org.javacs.SymbolIndex$1#parseAll	Index /home/jrv/Documents/projects/20170304 map version verifier/src/main/java/IMasterVersionRetriever.java
INFO	?	InitialIndex	2017-03-17T22:51:33.616Z	org.javacs.SymbolIndex$1#parseAll	Index /home/jrv/Documents/projects/20170304 map version verifier/src/main/java/VersionedBoard.java
INFO	?	InitialIndex	2017-03-17T22:51:33.617Z	org.javacs.SymbolIndex$1#parseAll	Index /home/jrv/Documents/projects/20170304 map version verifier/src/main/java/BoardVersion.java
INFO	?	InitialIndex	2017-03-17T22:51:33.618Z	org.javacs.SymbolIndex$1#parseAll	Index /home/jrv/Documents/projects/20170304 map version verifier/src/main/java/IVersionComparer.java
INFO	?	InitialIndex	2017-03-17T22:51:33.619Z	org.javacs.SymbolIndex$1#parseAll	Index /home/jrv/Documents/projects/20170304 map version verifier/src/main/java/ExactMatch.java
INFO	?	InitialIndex	2017-03-17T22:51:33.620Z	org.javacs.SymbolIndex$1#parseAll	Index /home/jrv/Documents/projects/20170304 map version verifier/src/main/java/MasterVersion.java
INFO	?	InitialIndex	2017-03-17T22:51:33.621Z	org.javacs.SymbolIndex$1#parseAll	Index /home/jrv/Documents/projects/20170304 map version verifier/src/main/java/IMasterVersion.java
INFO	?	main	2017-03-17T22:51:34.891Z	org.javacs.JavaLanguageServer#buildClassPath	Emit classpath to /tmp/classpath7638633696628226185.txt
INFO	?	main	2017-03-17T22:51:36.649Z	org.javacs.JavaLanguageServer#sourceDirectories	Use default source directory src/main/java
INFO	?	main	2017-03-17T22:51:36.649Z	org.javacs.JavaLanguageServer#sourceDirectories	Use default test directory src/test/java
INFO	?	main	2017-03-17T22:57:29.395Z	org.javacs.JavaLanguageServer#doLint	Lint [/home/jrv/Documents/projects/20170304 map version verifier/src/main/java/IZipWrapper.java]
INFO	?	main	2017-03-17T22:57:29.396Z	org.javacs.JavaLanguageServer#buildClassPath	Emit classpath to /tmp/classpath6179163054955774154.txt
INFO	?	main	2017-03-17T22:57:31.027Z	org.javacs.JavaLanguageServer#sourceDirectories	Use default source directory src/main/java
INFO	?	main	2017-03-17T22:57:31.028Z	org.javacs.JavaLanguageServer#sourceDirectories	Use default test directory src/test/java
INFO	?	main	2017-03-17T22:57:37.368Z	org.javacs.JavaLanguageServer#doLint	Lint [/home/jrv/Documents/projects/20170304 map version verifier/src/main/java/IZipWrapper.java, /home/jrv/Documents/projects/20170304 map version verifier/src/main/java/mvv.java]
INFO	?	main	2017-03-17T22:57:38.643Z	org.javacs.JavaLanguageServer#doLint	Lint [/home/jrv/Documents/projects/20170304 map version verifier/src/main/java/IZipWrapper.java, /home/jrv/Documents/projects/20170304 map version verifier/src/main/java/mvv.java]
INFO	?	main	2017-03-17T22:57:43.696Z	org.javacs.JavaLanguageServer#doLint	Lint [/home/jrv/Documents/projects/20170304 map version verifier/src/main/java/IZipWrapper.java, /home/jrv/Documents/projects/20170304 map version verifier/src/main/java/mvv.java]
INFO	?	main	2017-03-17T22:57:46.257Z	org.javacs.JavaLanguageServer#doLint	Lint [/home/jrv/Documents/projects/20170304 map version verifier/src/main/java/IZipWrapper.java, /home/jrv/Documents/projects/20170304 map version verifier/src/main/java/mvv.java]
INFO	?	main	2017-03-17T22:57:48.306Z	org.javacs.JavaLanguageServer#doLint	Lint [/home/jrv/Documents/projects/20170304 map version verifier/src/main/java/IZipWrapper.java, /home/jrv/Documents/projects/20170304 map version verifier/src/main/java/mvv.java]
INFO	?	main	2017-03-17T22:57:50.835Z	org.javacs.JavaLanguageServer#doLint	Lint [/home/jrv/Documents/projects/20170304 map version verifier/src/main/java/IZipWrapper.java, /home/jrv/Documents/projects/20170304 map version verifier/src/main/java/mvv.java]
INFO	?	main	2017-03-17T22:57:53.596Z	org.javacs.JavaLanguageServer#doLint	Lint [/home/jrv/Documents/projects/20170304 map version verifier/src/main/java/IZipWrapper.java, /home/jrv/Documents/projects/20170304 map version verifier/src/main/java/mvv.java]
INFO	?	main	2017-03-17T22:57:56.043Z	org.javacs.JavaLanguageServer#doLint	Lint [/home/jrv/Documents/projects/20170304 map version verifier/src/main/java/IZipWrapper.java, /home/jrv/Documents/projects/20170304 map version verifier/src/main/java/mvv.java]
INFO	?	main	2017-03-17T22:58:06.320Z	org.javacs.JavaLanguageServer#doLint	Lint [/home/jrv/Documents/projects/20170304 map version verifier/src/main/java/IArchiveWrapper.java]
INFO	?	main	2017-03-17T22:58:06.321Z	org.javacs.JavaLanguageServer#buildClassPath	Emit classpath to /tmp/classpath7348130066020356072.txt
INFO	?	main	2017-03-17T22:58:07.985Z	org.javacs.JavaLanguageServer#sourceDirectories	Use default source directory src/main/java
INFO	?	main	2017-03-17T22:58:07.986Z	org.javacs.JavaLanguageServer#sourceDirectories	Use default test directory src/test/java
INFO	?	main	2017-03-17T22:58:32.113Z	org.javacs.JavaLanguageServer#doLint	Lint [/home/jrv/Documents/projects/20170304 map version verifier/src/main/java/IArchiveWrapper.java, /home/jrv/Documents/projects/20170304 map version verifier/src/main/java/mvv.java]
INFO	?	main	2017-03-17T22:58:40.386Z	org.javacs.JavaLanguageServer#doLint	Lint [/home/jrv/Documents/projects/20170304 map version verifier/src/main/java/IArchiveWrapper.java, /home/jrv/Documents/projects/20170304 map version verifier/src/main/java/mvv.java]
INFO	?	main	2017-03-17T22:58:43.182Z	org.javacs.JavaLanguageServer#doLint	Lint [/home/jrv/Documents/projects/20170304 map version verifier/src/main/java/IArchiveWrapper.java, /home/jrv/Documents/projects/20170304 map version verifier/src/main/java/mvv.java]
INFO	?	main	2017-03-17T22:58:50.855Z	org.javacs.JavaLanguageServer#doLint	Lint [/home/jrv/Documents/projects/20170304 map version verifier/src/main/java/IArchiveWrapper.java, /home/jrv/Documents/projects/20170304 map version verifier/src/main/java/mvv.java]
INFO	?	main	2017-03-17T22:58:58.353Z	org.javacs.JavaLanguageServer#doLint	Lint [/home/jrv/Documents/projects/20170304 map version verifier/src/main/java/IArchiveWrapper.java, /home/jrv/Documents/projects/20170304 map version verifier/src/main/java/mvv.java]
INFO	?	main	2017-03-17T22:59:00.102Z	org.javacs.JavaLanguageServer#doLint	Lint [/home/jrv/Documents/projects/20170304 map version verifier/src/main/java/IArchiveWrapper.java, /home/jrv/Documents/projects/20170304 map version verifier/src/main/java/mvv.java]
INFO	?	main	2017-03-17T22:59:06.569Z	org.javacs.JavaLanguageServer#doLint	Lint [/home/jrv/Documents/projects/20170304 map version verifier/src/main/java/IArchiveWrapper.java, /home/jrv/Documents/projects/20170304 map version verifier/src/main/java/mvv.java]
INFO	?	main	2017-03-17T22:59:13.281Z	org.javacs.JavaLanguageServer#doLint	Lint [/home/jrv/Documents/projects/20170304 map version verifier/src/main/java/IArchiveWrapper.java, /home/jrv/Documents/projects/20170304 map version verifier/src/main/java/mvv.java]
INFO	?	main	2017-03-17T22:59:15.960Z	org.javacs.JavaLanguageServer#doLint	Lint [/home/jrv/Documents/projects/20170304 map version verifier/src/main/java/IArchiveWrapper.java, /home/jrv/Documents/projects/20170304 map version verifier/src/main/java/mvv.java]
INFO	?	main	2017-03-17T22:59:20.342Z	org.javacs.JavaLanguageServer#doLint	Lint [/home/jrv/Documents/projects/20170304 map version verifier/src/main/java/IArchiveWrapper.java, /home/jrv/Documents/projects/20170304 map version verifier/src/main/java/mvv.java]
INFO	?	main	2017-03-17T22:59:26.585Z	org.javacs.JavaLanguageServer#doLint	Lint [/home/jrv/Documents/projects/20170304 map version verifier/src/main/java/IArchiveWrapper.java, /home/jrv/Documents/projects/20170304 map version verifier/src/main/java/mvv.java]
INFO	?	main	2017-03-17T22:59:31.276Z	org.javacs.JavaLanguageServer#doLint	Lint [/home/jrv/Documents/projects/20170304 map version verifier/src/main/java/IArchiveWrapper.java, /home/jrv/Documents/projects/20170304 map version verifier/src/main/java/mvv.java]
INFO	?	main	2017-03-17T22:59:32.584Z	org.javacs.JavaLanguageServer#doLint	Lint [/home/jrv/Documents/projects/20170304 map version verifier/src/main/java/IArchiveWrapper.java, /home/jrv/Documents/projects/20170304 map version verifier/src/main/java/mvv.java]
INFO	?	main	2017-03-17T22:59:41.387Z	org.javacs.JavaLanguageServer#doLint	Lint [/home/jrv/Documents/projects/20170304 map version verifier/src/main/java/IArchiveWrapper.java, /home/jrv/Documents/projects/20170304 map version verifier/src/main/java/mvv.java]
INFO	?	main	2017-03-17T22:59:46.366Z	org.javacs.JavaLanguageServer#doLint	Lint [/home/jrv/Documents/projects/20170304 map version verifier/src/main/java/IArchiveWrapper.java, /home/jrv/Documents/projects/20170304 map version verifier/src/main/java/mvv.java]
INFO	?	main	2017-03-17T22:59:49.577Z	org.javacs.JavaLanguageServer#doLint	Lint [/home/jrv/Documents/projects/20170304 map version verifier/src/main/java/IArchiveWrapper.java, /home/jrv/Documents/projects/20170304 map version verifier/src/main/java/mvv.java]
INFO	?	main	2017-03-17T22:59:51.062Z	org.javacs.JavaLanguageServer#doLint	Lint [/home/jrv/Documents/projects/20170304 map version verifier/src/main/java/IArchiveWrapper.java, /home/jrv/Documents/projects/20170304 map version verifier/src/main/java/mvv.java]
INFO	?	main	2017-03-17T23:00:03.170Z	org.javacs.JavaLanguageServer#doLint	Lint [/home/jrv/Documents/projects/20170304 map version verifier/src/main/java/IArchiveEntry.java]
INFO	?	main	2017-03-17T23:00:03.171Z	org.javacs.JavaLanguageServer#buildClassPath	Emit classpath to /tmp/classpath8060847205120934422.txt
INFO	?	main	2017-03-17T23:00:04.842Z	org.javacs.JavaLanguageServer#sourceDirectories	Use default source directory src/main/java
INFO	?	main	2017-03-17T23:00:04.842Z	org.javacs.JavaLanguageServer#sourceDirectories	Use default test directory src/test/java
INFO	?	main	2017-03-17T23:00:13.332Z	org.javacs.JavaLanguageServer#doLint	Lint [/home/jrv/Documents/projects/20170304 map version verifier/src/main/java/IArchiveEntry.java, /home/jrv/Documents/projects/20170304 map version verifier/src/main/java/IArchiveWrapper.java, /home/jrv/Documents/projects/20170304 map version verifier/src/main/java/mvv.java]
INFO	?	main	2017-03-17T23:00:22.722Z	org.javacs.JavaLanguageServer#doLint	Lint [/home/jrv/Documents/projects/20170304 map version verifier/src/main/java/IArchiveEntry.java, /home/jrv/Documents/projects/20170304 map version verifier/src/main/java/IArchiveWrapper.java, /home/jrv/Documents/projects/20170304 map version verifier/src/main/java/mvv.java]
INFO	?	main	2017-03-17T23:00:24.640Z	org.javacs.JavaLanguageServer#doLint	Lint [/home/jrv/Documents/projects/20170304 map version verifier/src/main/java/IArchiveEntry.java, /home/jrv/Documents/projects/20170304 map version verifier/src/main/java/IArchiveWrapper.java, /home/jrv/Documents/projects/20170304 map version verifier/src/main/java/mvv.java]
INFO	?	main	2017-03-17T23:00:30.999Z	org.javacs.JavaLanguageServer#doLint	Lint [/home/jrv/Documents/projects/20170304 map version verifier/src/main/java/IArchiveEntry.java, /home/jrv/Documents/projects/20170304 map version verifier/src/main/java/IArchiveWrapper.java, /home/jrv/Documents/projects/20170304 map version verifier/src/main/java/mvv.java]
INFO	?	main	2017-03-17T23:00:35.067Z	org.javacs.JavaLanguageServer#doLint	Lint [/home/jrv/Documents/projects/20170304 map version verifier/src/main/java/IArchiveEntry.java, /home/jrv/Documents/projects/20170304 map version verifier/src/main/java/IArchiveWrapper.java, /home/jrv/Documents/projects/20170304 map version verifier/src/main/java/mvv.java]
INFO	?	main	2017-03-17T23:00:36.811Z	org.javacs.JavaLanguageServer#doLint	Lint [/home/jrv/Documents/projects/20170304 map version verifier/src/main/java/IArchiveEntry.java, /home/jrv/Documents/projects/20170304 map version verifier/src/main/java/IArchiveWrapper.java, /home/jrv/Documents/projects/20170304 map version verifier/src/main/java/mvv.java]
INFO	?	main	2017-03-17T23:00:42.585Z	org.javacs.JavaLanguageServer#doLint	Lint [/home/jrv/Documents/projects/20170304 map version verifier/src/main/java/IArchiveEntry.java, /home/jrv/Documents/projects/20170304 map version verifier/src/main/java/IArchiveWrapper.java, /home/jrv/Documents/projects/20170304 map version verifier/src/main/java/mvv.java]
INFO	?	main	2017-03-17T23:00:44.153Z	org.javacs.JavaLanguageServer#doLint	Lint [/home/jrv/Documents/projects/20170304 map version verifier/src/main/java/IArchiveEntry.java, /home/jrv/Documents/projects/20170304 map version verifier/src/main/java/IArchiveWrapper.java, /home/jrv/Documents/projects/20170304 map version verifier/src/main/java/mvv.java]
INFO	?	main	2017-03-17T23:01:32.783Z	org.javacs.JavaLanguageServer#doLint	Lint [/home/jrv/Documents/projects/20170304 map version verifier/src/main/java/IArchiveEntry.java, /home/jrv/Documents/projects/20170304 map version verifier/src/main/java/IArchiveWrapper.java, /home/jrv/Documents/projects/20170304 map version verifier/src/main/java/mvv.java]
INFO	?	main	2017-03-17T23:01:33.799Z	org.javacs.JavaLanguageServer#doLint	Lint [/home/jrv/Documents/projects/20170304 map version verifier/src/main/java/IArchiveEntry.java, /home/jrv/Documents/projects/20170304 map version verifier/src/main/java/IArchiveWrapper.java, /home/jrv/Documents/projects/20170304 map version verifier/src/main/java/mvv.java]
INFO	?	main	2017-03-17T23:01:43.718Z	org.javacs.JavaLanguageServer#doLint	Lint [/home/jrv/Documents/projects/20170304 map version verifier/src/main/java/IArchiveEntry.java, /home/jrv/Documents/projects/20170304 map version verifier/src/main/java/IArchiveWrapper.java, /home/jrv/Documents/projects/20170304 map version verifier/src/main/java/mvv.java]
INFO	?	main	2017-03-17T23:01:45.608Z	org.javacs.JavaLanguageServer#doLint	Lint [/home/jrv/Documents/projects/20170304 map version verifier/src/main/java/IArchiveEntry.java, /home/jrv/Documents/projects/20170304 map version verifier/src/main/java/IArchiveWrapper.java, /home/jrv/Documents/projects/20170304 map version verifier/src/main/java/mvv.java]
INFO	?	main	2017-03-17T23:01:51.335Z	org.javacs.JavaLanguageServer#doLint	Lint [/home/jrv/Documents/projects/20170304 map version verifier/src/main/java/IArchiveEntry.java, /home/jrv/Documents/projects/20170304 map version verifier/src/main/java/IArchiveWrapper.java, /home/jrv/Documents/projects/20170304 map version verifier/src/main/java/mvv.java]
INFO	?	main	2017-03-17T23:01:54.020Z	org.javacs.JavaLanguageServer#doLint	Lint [/home/jrv/Documents/projects/20170304 map version verifier/src/main/java/IArchiveEntry.java, /home/jrv/Documents/projects/20170304 map version verifier/src/main/java/IArchiveWrapper.java, /home/jrv/Documents/projects/20170304 map version verifier/src/main/java/mvv.java]
INFO	?	main	2017-03-17T23:02:00.022Z	org.javacs.JavaLanguageServer#doLint	Lint [/home/jrv/Documents/projects/20170304 map version verifier/src/main/java/IArchiveEntry.java, /home/jrv/Documents/projects/20170304 map version verifier/src/main/java/IArchiveWrapper.java, /home/jrv/Documents/projects/20170304 map version verifier/src/main/java/mvv.java]
INFO	?	main	2017-03-17T23:02:04.002Z	org.javacs.JavaLanguageServer#doLint	Lint [/home/jrv/Documents/projects/20170304 map version verifier/src/main/java/IArchiveEntry.java, /home/jrv/Documents/projects/20170304 map version verifier/src/main/java/IArchiveWrapper.java, /home/jrv/Documents/projects/20170304 map version verifier/src/main/java/mvv.java]
INFO	?	main	2017-03-17T23:02:07.363Z	org.javacs.JavaLanguageServer#doLint	Lint [/home/jrv/Documents/projects/20170304 map version verifier/src/main/java/IArchiveEntry.java, /home/jrv/Documents/projects/20170304 map version verifier/src/main/java/IArchiveWrapper.java, /home/jrv/Documents/projects/20170304 map version verifier/src/main/java/mvv.java]
INFO	?	main	2017-03-17T23:02:09.491Z	org.javacs.JavaLanguageServer#doLint	Lint [/home/jrv/Documents/projects/20170304 map version verifier/src/main/java/IArchiveEntry.java, /home/jrv/Documents/projects/20170304 map version verifier/src/main/java/IArchiveWrapper.java, /home/jrv/Documents/projects/20170304 map version verifier/src/main/java/mvv.java]
INFO	?	main	2017-03-17T23:02:12.827Z	org.javacs.JavaLanguageServer#doLint	Lint [/home/jrv/Documents/projects/20170304 map version verifier/src/main/java/IArchiveEntry.java, /home/jrv/Documents/projects/20170304 map version verifier/src/main/java/IArchiveWrapper.java, /home/jrv/Documents/projects/20170304 map version verifier/src/main/java/mvv.java]
INFO	?	main	2017-03-17T23:02:14.728Z	org.javacs.JavaLanguageServer#doLint	Lint [/home/jrv/Documents/projects/20170304 map version verifier/src/main/java/IArchiveEntry.java, /home/jrv/Documents/projects/20170304 map version verifier/src/main/java/IArchiveWrapper.java, /home/jrv/Documents/projects/20170304 map version verifier/src/main/java/mvv.java]
INFO	?	main	2017-03-17T23:03:50.194Z	org.javacs.JavaLanguageServer#doLint	Lint [/home/jrv/Documents/projects/20170304 map version verifier/src/main/java/IArchiveEntry.java, /home/jrv/Documents/projects/20170304 map version verifier/src/main/java/IArchiveWrapper.java, /home/jrv/Documents/projects/20170304 map version verifier/src/main/java/mvv.java]
INFO	?	main	2017-03-17T23:03:56.558Z	org.javacs.JavaLanguageServer#doLint	Lint [/home/jrv/Documents/projects/20170304 map version verifier/src/main/java/IArchiveEntry.java, /home/jrv/Documents/projects/20170304 map version verifier/src/main/java/IArchiveWrapper.java, /home/jrv/Documents/projects/20170304 map version verifier/src/main/java/mvv.java]
INFO	?	main	2017-03-18T01:22:52.435Z	org.javacs.JavaLanguageServer#doLint	Lint [/home/jrv/Documents/projects/20170304 map version verifier/src/main/java/IArchiveEntry.java, /home/jrv/Documents/projects/20170304 map version verifier/src/main/java/IArchiveWrapper.java, /home/jrv/Documents/projects/20170304 map version verifier/src/main/java/mvv.java]
INFO	?	main	2017-03-18T01:22:55.294Z	org.javacs.JavaLanguageServer#doLint	Lint [/home/jrv/Documents/projects/20170304 map version verifier/src/main/java/IArchiveEntry.java, /home/jrv/Documents/projects/20170304 map version verifier/src/main/java/IArchiveWrapper.java, /home/jrv/Documents/projects/20170304 map version verifier/src/main/java/mvv.java]
INFO	?	main	2017-03-18T01:22:56.558Z	org.javacs.JavaLanguageServer#doLint	Lint [/home/jrv/Documents/projects/20170304 map version verifier/src/main/java/IArchiveEntry.java, /home/jrv/Documents/projects/20170304 map version verifier/src/main/java/IArchiveWrapper.java, /home/jrv/Documents/projects/20170304 map version verifier/src/main/java/mvv.java]
INFO	?	main	2017-03-18T01:23:01.033Z	org.javacs.JavaLanguageServer#doLint	Lint [/home/jrv/Documents/projects/20170304 map version verifier/src/main/java/IArchiveEntry.java, /home/jrv/Documents/projects/20170304 map version verifier/src/main/java/IArchiveWrapper.java, /home/jrv/Documents/projects/20170304 map version verifier/src/main/java/mvv.java]
INFO	?	main	2017-03-18T01:23:02.206Z	org.javacs.JavaLanguageServer#doLint	Lint [/home/jrv/Documents/projects/20170304 map version verifier/src/main/java/IArchiveEntry.java, /home/jrv/Documents/projects/20170304 map version verifier/src/main/java/IArchiveWrapper.java, /home/jrv/Documents/projects/20170304 map version verifier/src/main/java/mvv.java]
INFO	?	main	2017-03-18T01:23:10.171Z	org.javacs.JavaLanguageServer#doLint	Lint [/home/jrv/Documents/projects/20170304 map version verifier/src/main/java/IArchiveEntry.java, /home/jrv/Documents/projects/20170304 map version verifier/src/main/java/IArchiveWrapper.java, /home/jrv/Documents/projects/20170304 map version verifier/src/main/java/mvv.java]
INFO	?	main	2017-03-18T01:23:15.591Z	org.javacs.JavaLanguageServer#doLint	Lint [/home/jrv/Documents/projects/20170304 map version verifier/src/main/java/IArchiveEntry.java, /home/jrv/Documents/projects/20170304 map version verifier/src/main/java/IArchiveWrapper.java, /home/jrv/Documents/projects/20170304 map version verifier/src/main/java/mvv.java]
INFO	?	main	2017-03-18T01:23:22.419Z	org.javacs.JavaLanguageServer#doLint	Lint [/home/jrv/Documents/projects/20170304 map version verifier/src/main/java/IArchiveEntry.java, /home/jrv/Documents/projects/20170304 map version verifier/src/main/java/IArchiveWrapper.java, /home/jrv/Documents/projects/20170304 map version verifier/src/main/java/mvv.java]
